<?xml version="1.0" encoding="UTF-8"?>
<!-- Generated by org.testng.reporters.JUnitXMLReporter -->
<testsuite ignored="0" hostname="DESKTOP-D0JLFQF" failures="0" tests="5" name="Default test" time="34.503" errors="0" timestamp="2023-04-04T12:36:39 IST">
  <testcase classname="OMRHospitalLoginTest.OMRHospiatlLoginTest" name="verifiaction_of_TageLine_Of_LoginPage" time="6.641"/>
  <testcase classname="OMRHospitalLoginTest.OMRHospiatlLoginTest" name="verificationOfLoginPage" time="0.263"/>
  <testcase classname="OMRHospitalLoginTest.OMRHospiatlLoginTest" name="verification_OF_Password_Label" time="0.086"/>
  <testcase classname="OMRHospitalLoginTest.OMRHospiatlLoginTest" name="verification_OF_UserName_Lable" time="0.09"/>
  <testcase classname="OMRHospitalLoginTest.OMRHospiatlLoginTest" name="verification_of_all_languagesPresent" time="2.168"/>
</testsuite> <!-- Default test -->
