<?xml version="1.0" encoding="UTF-8"?>
<!-- Generated by org.testng.reporters.JUnitXMLReporter -->
<testsuite ignored="0" hostname="DESKTOP-D0JLFQF" failures="0" tests="10" name="Test" time="107.057" errors="0" timestamp="2023-03-29T08:34:28 IST">
  <testcase classname="OMRHospitalLoginTest.OMRHospiatlLoginTest" name="verifiaction_of_TageLine_Of_LoginPage" time="2.294"/>
  <testcase classname="OMRHospitalLoginTest.OMRHospiatlLoginTest" name="verificationOfLoginPage" time="0.062"/>
  <testcase classname="OMRHospitalLoginTest.OMRHospiatlLoginTest" name="verification_OF_Password_Label" time="0.085"/>
  <testcase classname="OMRHospitalLoginTest.OMRHospiatlLoginTest" name="verification_OF_UserName_Lable" time="0.079"/>
  <testcase classname="OMRHospitalLoginTest.OMRHospiatlLoginTest" name="verification_of_all_languagesPresent" time="1.151"/>
  <testcase classname="OMRHospitalLoginTest.OMRHospitalLoginTest" name="verification_of_loginPage_for_Multiple_Role" time="17.975"/>
  <testcase classname="OMRHospitalLoginTest.OMRHospitalLoginTest" name="verification_of_loginPage_for_Multiple_Role" time="17.64"/>
  <testcase classname="OMRHospitalLoginTest.OMRHospitalLoginTest" name="verification_of_loginPage_for_Multiple_Role" time="16.653"/>
  <testcase classname="OMRHospitalLoginTest.OMRHospitalLoginTest" name="verification_of_loginPage_for_Multiple_Role" time="17.746"/>
  <testcase classname="OMRHospitalLoginTest.OMRHospitalLoginTest" name="verification_of_loginPage_for_Multiple_Role" time="17.456"/>
</testsuite> <!-- Test -->
